/*C2*/SET SCHEMA PUBLIC
DELETE FROM PLAYER WHERE ID=283250005
INSERT INTO PLAYER VALUES(283250005,'Maurizio','Adamoli',34,4,630,6,10,4,3,8040,0,1,6,3,10,4,2,4)
INSERT INTO PLAYERHISTORY VALUES(283250005,'2012-08-09 13:47:19.080000','Maurizio','Adamoli',34,4,630,6,10,4,3,8040,0,1,6,3,10,4,2,4)
DELETE FROM LASTSKILLUPDATE WHERE PLAYERID=41702513
DELETE FROM LASTSKILLUPDATE WHERE PLAYERID=118982670
DELETE FROM LASTSKILLUPDATE WHERE PLAYERID=137725218
DELETE FROM LASTSKILLUPDATE WHERE PLAYERID=143114209
DELETE FROM LASTSKILLUPDATE WHERE PLAYERID=143513913
DELETE FROM LASTSKILLUPDATE WHERE PLAYERID=151602093
DELETE FROM LASTSKILLUPDATE WHERE PLAYERID=190097018
DELETE FROM LASTSKILLUPDATE WHERE PLAYERID=209224964
DELETE FROM LASTSKILLUPDATE WHERE PLAYERID=230290812
DELETE FROM LASTSKILLUPDATE WHERE PLAYERID=236908467
DELETE FROM LASTSKILLUPDATE WHERE PLAYERID=283250005
DELETE FROM LASTSKILLUPDATE WHERE PLAYERID=284923799
DELETE FROM LASTSKILLUPDATE WHERE PLAYERID=284923815
DELETE FROM LASTSKILLUPDATE WHERE PLAYERID=286355589
DELETE FROM LASTSKILLUPDATE WHERE PLAYERID=287569793
DELETE FROM LASTSKILLUPDATE WHERE PLAYERID=298203690
DELETE FROM LASTSKILLUPDATE WHERE PLAYERID=302622365
DELETE FROM LASTSKILLUPDATE WHERE PLAYERID=302985101
DELETE FROM LASTSKILLUPDATE WHERE PLAYERID=304492436
DELETE FROM LASTSKILLUPDATE WHERE PLAYERID=310654543
DELETE FROM LASTSKILLUPDATE WHERE PLAYERID=313572175
DELETE FROM LASTSKILLUPDATE WHERE PLAYERID=314059475
DELETE FROM LASTSKILLUPDATE WHERE PLAYERID=318023363
DELETE FROM LASTSKILLUPDATE WHERE PLAYERID=319335797
DELETE FROM LASTSKILLUPDATE WHERE PLAYERID=322719772
DELETE FROM LASTSKILLUPDATE WHERE PLAYERID=326726933
DELETE FROM LASTSKILLUPDATE WHERE PLAYERID=327124263
DELETE FROM LASTSKILLUPDATE WHERE PLAYERID=327186637
DELETE FROM LASTSKILLUPDATE WHERE PLAYERID=327921648
INSERT INTO LASTSKILLUPDATE VALUES(41702513,'2012-08-09 13:47:19.080000','2012-08-09 13:38:03.740000','2012-08-09 13:38:03.740000','2012-08-09 13:38:03.740000','2012-08-09 13:38:03.740000','2012-08-09 13:38:03.740000','2012-08-09 13:38:03.740000','2012-08-09 13:38:03.740000','2012-08-09 13:38:03.740000')
INSERT INTO LASTSKILLUPDATE VALUES(118982670,'2012-08-09 13:47:19.080000','2012-08-09 13:38:00.545000','2012-08-09 13:38:00.545000','2012-08-09 13:38:00.545000','2012-08-09 13:38:00.545000','2012-08-09 13:38:00.545000','2012-08-09 13:38:00.545000','2012-08-09 13:38:00.545000','2012-08-09 13:38:00.545000')
INSERT INTO LASTSKILLUPDATE VALUES(137725218,'2012-08-09 13:47:19.080000','2012-08-09 13:38:08.939000','2012-08-09 13:38:08.939000','2012-08-09 13:38:08.939000','2012-08-09 13:38:08.939000','2012-08-09 13:38:08.939000','2012-08-09 13:38:08.939000','2012-08-09 13:38:08.939000','2012-08-09 13:38:08.939000')
INSERT INTO LASTSKILLUPDATE VALUES(143114209,'2012-08-09 13:47:19.080000','2012-08-09 13:38:04.189000','2012-08-09 13:38:04.189000','2012-08-09 13:38:04.189000','2012-08-09 13:38:04.189000','2012-08-09 13:38:04.189000','2012-08-09 13:38:04.189000','2012-08-09 13:38:04.189000','2012-08-09 13:38:04.189000')
INSERT INTO LASTSKILLUPDATE VALUES(143513913,'2012-08-09 13:47:19.080000','2012-08-09 13:38:02.744000','2012-08-09 13:38:02.744000','2012-08-09 13:38:02.744000','2012-08-09 13:38:02.744000','2012-08-09 13:38:02.744000','2012-08-09 13:38:02.744000','2012-08-09 13:38:02.744000','2012-08-09 13:38:02.744000')
INSERT INTO LASTSKILLUPDATE VALUES(151602093,'2012-08-09 13:47:19.080000','2012-08-09 13:38:06.401000','2012-08-09 13:38:06.401000','2012-08-09 13:38:06.401000','2012-08-09 13:38:06.401000','2012-08-09 13:38:06.401000','2012-08-09 13:38:06.401000','2012-08-09 13:38:06.401000','2012-08-09 13:38:06.401000')
INSERT INTO LASTSKILLUPDATE VALUES(190097018,'2012-08-09 13:47:19.080000','2012-08-09 13:37:58.298000','2012-08-09 13:37:58.298000','2012-08-09 13:37:58.298000','2012-08-09 13:37:58.298000','2012-08-09 13:37:58.298000','2012-08-09 13:37:58.298000','2012-08-09 13:37:58.298000','2012-08-09 13:37:58.298000')
INSERT INTO LASTSKILLUPDATE VALUES(209224964,'2012-08-09 13:47:19.080000','2012-08-09 13:38:02.221000','2012-08-09 13:38:02.221000','2012-08-09 13:38:02.221000','2012-08-09 13:38:02.221000','2012-08-09 13:38:02.221000','2012-08-09 13:38:02.221000','2012-08-09 13:38:02.221000','2012-08-09 13:38:02.221000')
INSERT INTO LASTSKILLUPDATE VALUES(230290812,'2012-08-09 13:47:19.080000','2012-08-09 13:38:00.020000','2012-08-09 13:38:00.020000','2012-08-09 13:38:00.020000','2012-08-09 13:38:00.020000','2012-08-09 13:38:00.020000','2012-08-09 13:38:00.020000','2012-08-09 13:38:00.020000','2012-08-09 13:38:00.020000')
INSERT INTO LASTSKILLUPDATE VALUES(236908467,'2012-08-09 13:47:19.080000','2012-08-09 13:37:57.775000','2012-08-09 13:37:57.775000','2012-08-09 13:37:57.775000','2012-08-09 13:37:57.775000','2012-08-09 13:37:57.775000','2012-08-09 13:37:57.775000','2012-08-09 13:37:57.775000','2012-08-09 13:37:57.775000')
INSERT INTO LASTSKILLUPDATE VALUES(283250005,'2012-08-09 13:47:19.080000','2012-08-09 13:38:05.801000','2012-08-09 13:38:05.801000','2012-08-09 13:38:05.801000','2012-08-09 13:38:05.801000','2012-08-09 13:38:05.801000','2012-08-09 13:38:05.801000','2012-08-09 13:38:05.801000','2012-08-09 13:38:05.801000')
INSERT INTO LASTSKILLUPDATE VALUES(284923799,'2012-08-09 13:47:19.080000','2012-08-09 13:38:06.947000','2012-08-09 13:38:06.947000','2012-08-09 13:38:06.947000','2012-08-09 13:38:06.947000','2012-08-09 13:38:06.947000','2012-08-09 13:38:06.947000','2012-08-09 13:38:06.947000','2012-08-09 13:38:06.947000')
INSERT INTO LASTSKILLUPDATE VALUES(284923815,'2012-08-09 13:47:19.080000','2012-08-09 13:38:03.255000','2012-08-09 13:38:03.255000','2012-08-09 13:38:03.255000','2012-08-09 13:38:03.255000','2012-08-09 13:38:03.255000','2012-08-09 13:38:03.255000','2012-08-09 13:38:03.255000','2012-08-09 13:38:03.255000')
INSERT INTO LASTSKILLUPDATE VALUES(286355589,'2012-08-09 13:47:19.080000','2012-08-09 13:38:09.493000','2012-08-09 13:38:09.493000','2012-08-09 13:38:09.493000','2012-08-09 13:38:09.493000','2012-08-09 13:38:09.493000','2012-08-09 13:38:09.493000','2012-08-09 13:38:09.493000','2012-08-09 13:38:09.493000')
INSERT INTO LASTSKILLUPDATE VALUES(287569793,'2012-08-09 13:47:19.080000','2012-08-09 13:38:07.502000','2012-08-09 13:38:07.502000','2012-08-09 13:38:07.502000','2012-08-09 13:38:07.502000','2012-08-09 13:38:07.502000','2012-08-09 13:38:07.502000','2012-08-09 13:38:07.502000','2012-08-09 13:38:07.502000')
INSERT INTO LASTSKILLUPDATE VALUES(298203690,'2012-08-09 13:47:19.080000','2012-08-09 13:38:04.725000','2012-08-09 13:38:04.725000','2012-08-09 13:38:04.725000','2012-08-09 13:38:04.725000','2012-08-09 13:38:04.725000','2012-08-09 13:38:04.725000','2012-08-09 13:38:04.725000','2012-08-09 13:38:04.725000')
INSERT INTO LASTSKILLUPDATE VALUES(302622365,'2012-08-09 13:47:19.080000','2012-08-09 13:38:11.035000','2012-08-09 13:38:11.035000','2012-08-09 13:38:11.035000','2012-08-09 13:38:11.035000','2012-08-09 13:38:11.035000','2012-08-09 13:38:11.035000','2012-08-09 13:38:11.035000','2012-08-09 13:38:11.035000')
INSERT INTO LASTSKILLUPDATE VALUES(302985101,'2012-08-09 13:47:19.080000','2012-08-09 13:38:08.440000','2012-08-09 13:38:08.440000','2012-08-09 13:38:08.440000','2012-08-09 13:38:08.440000','2012-08-09 13:38:08.440000','2012-08-09 13:38:08.440000','2012-08-09 13:38:08.440000','2012-08-09 13:38:08.440000')
INSERT INTO LASTSKILLUPDATE VALUES(304492436,'2012-08-09 13:47:19.080000','2012-08-09 13:38:01.133000','2012-08-09 13:38:01.133000','2012-08-09 13:38:01.133000','2012-08-09 13:38:01.133000','2012-08-09 13:38:01.133000','2012-08-09 13:38:01.133000','2012-08-09 13:38:01.133000','2012-08-09 13:38:01.133000')
INSERT INTO LASTSKILLUPDATE VALUES(310654543,'2012-08-09 13:47:19.080000','2012-08-09 13:37:59.542000','2012-08-09 13:37:59.542000','2012-08-09 13:37:59.542000','2012-08-09 13:37:59.542000','2012-08-09 13:37:59.542000','2012-08-09 13:37:59.542000','2012-08-09 13:37:59.542000','2012-08-09 13:37:59.542000')
INSERT INTO LASTSKILLUPDATE VALUES(313572175,'2012-08-09 13:47:19.080000','2012-08-09 13:38:10.003000','2012-08-09 13:38:10.003000','2012-08-09 13:38:10.003000','2012-08-09 13:38:10.003000','2012-08-09 13:38:10.003000','2012-08-09 13:38:10.003000','2012-08-09 13:38:10.003000','2012-08-09 13:38:10.003000')
INSERT INTO LASTSKILLUPDATE VALUES(314059475,'2012-08-09 13:47:19.080000','2012-08-09 13:37:56.683000','2012-08-09 13:37:56.683000','2012-08-09 13:37:56.683000','2012-08-09 13:37:56.683000','2012-08-09 13:37:56.683000','2012-08-09 13:37:56.683000','2012-08-09 13:37:56.683000','2012-08-09 13:37:56.683000')
INSERT INTO LASTSKILLUPDATE VALUES(318023363,'2012-08-09 13:47:19.080000','2012-08-09 13:37:59.042000','2012-08-09 13:37:59.042000','2012-08-09 13:37:59.042000','2012-08-09 13:37:59.042000','2012-08-09 13:37:59.042000','2012-08-09 13:37:59.042000','2012-08-09 13:37:59.042000','2012-08-09 13:37:59.042000')
INSERT INTO LASTSKILLUPDATE VALUES(319335797,'2012-08-09 13:47:19.080000','2012-08-09 13:37:57.242000','2012-08-09 13:37:57.242000','2012-08-09 13:37:57.242000','2012-08-09 13:37:57.242000','2012-08-09 13:37:57.242000','2012-08-09 13:37:57.242000','2012-08-09 13:37:57.242000','2012-08-09 13:37:57.242000')
INSERT INTO LASTSKILLUPDATE VALUES(322719772,'2012-08-09 13:47:19.080000','2012-08-09 13:38:05.246000','2012-08-09 13:38:05.246000','2012-08-09 13:38:05.246000','2012-08-09 13:38:05.246000','2012-08-09 13:38:05.246000','2012-08-09 13:38:05.246000','2012-08-09 13:38:05.246000','2012-08-09 13:38:05.246000')
INSERT INTO LASTSKILLUPDATE VALUES(326726933,'2012-08-09 13:47:19.080000','2012-08-09 13:38:11.538000','2012-08-09 13:38:11.538000','2012-08-09 13:38:11.538000','2012-08-09 13:38:11.538000','2012-08-09 13:38:11.538000','2012-08-09 13:38:11.538000','2012-08-09 13:38:11.538000','2012-08-09 13:38:11.538000')
INSERT INTO LASTSKILLUPDATE VALUES(327124263,'2012-08-09 13:47:19.080000','2012-08-09 13:38:07.970000','2012-08-09 13:38:07.970000','2012-08-09 13:38:07.970000','2012-08-09 13:38:07.970000','2012-08-09 13:38:07.970000','2012-08-09 13:38:07.970000','2012-08-09 13:38:07.970000','2012-08-09 13:38:07.970000')
INSERT INTO LASTSKILLUPDATE VALUES(327186637,'2012-08-09 13:47:19.080000','2012-08-09 13:38:01.699000','2012-08-09 13:38:01.699000','2012-08-09 13:38:01.699000','2012-08-09 13:38:01.699000','2012-08-09 13:38:01.699000','2012-08-09 13:38:01.699000','2012-08-09 13:38:01.699000','2012-08-09 13:38:01.699000')
INSERT INTO LASTSKILLUPDATE VALUES(327921648,'2012-08-09 13:47:19.080000','2012-08-09 13:38:10.559000','2012-08-09 13:38:10.559000','2012-08-09 13:38:10.559000','2012-08-09 13:38:10.559000','2012-08-09 13:38:10.559000','2012-08-09 13:38:10.559000','2012-08-09 13:38:10.559000','2012-08-09 13:38:10.559000')
COMMIT
